[2026-03-03 18:35:43] [INFO] [src.monitoring] Running monitoring pipeline …
[2026-03-03 18:35:43] [INFO] [src.monitoring] Drift check: 22/29 features drifted — overall_drift=True
[2026-03-03 18:35:43] [ERROR] [src.monitoring] Performance check failed: 'coal_demand_tonnes'
[2026-03-03 18:37:17] [INFO] [src.monitoring] Running monitoring pipeline …
[2026-03-03 18:37:17] [INFO] [src.monitoring] Drift check: 22/29 features drifted — overall_drift=True
[2026-03-03 18:37:17] [ERROR] [src.monitoring] Performance check failed: 'coal_demand_tonnes'
[2026-03-03 18:37:56] [INFO] [src.monitoring] Running monitoring pipeline …
[2026-03-03 18:37:56] [INFO] [src.monitoring] Drift check: 2/6 features drifted — overall_drift=True
[2026-03-03 18:37:56] [ERROR] [src.monitoring] Performance check failed: X has 6 features, but MinMaxScaler is expecting 16 features as input.
[2026-03-03 18:38:31] [INFO] [src.monitoring] Running monitoring pipeline …
[2026-03-03 18:38:31] [INFO] [src.monitoring] Drift check: 2/6 features drifted — overall_drift=True
[2026-03-03 18:38:31] [ERROR] [src.monitoring] Performance check failed: X has 28 features, but MinMaxScaler is expecting 16 features as input.
[2026-03-03 18:39:10] [INFO] [src.monitoring] Running monitoring pipeline …
[2026-03-03 18:39:10] [INFO] [src.monitoring] Drift check: 2/6 features drifted — overall_drift=True
[2026-03-03 18:39:10] [INFO] [src.monitoring] Current MAPE: 4.03%
[2026-03-03 18:40:08] [INFO] [src.monitoring] Running monitoring pipeline …
[2026-03-03 18:40:08] [INFO] [src.monitoring] Drift check: 22/29 features drifted — overall_drift=True
[2026-03-03 18:40:08] [ERROR] [src.monitoring] Performance check failed: 'coal_demand_tonnes'
[2026-03-03 18:51:35] [INFO] [src.monitoring] Running monitoring pipeline …
[2026-03-03 18:51:35] [INFO] [src.monitoring] Drift check: 2/6 features drifted — overall_drift=True
[2026-03-03 18:51:35] [INFO] [src.monitoring] Current MAPE: 4.03%
